<?xml version="1.0" encoding="UTF-8"?>
<!-- Generated by org.testng.reporters.JUnitXMLReporter -->
<testsuite hostname="Summerholm" ignored="0" name="Test" tests="1" failures="1" timestamp="2020-09-29T00:05:13 CDT" time="0.04" errors="0">
  <testcase name="doLogin" time="0.007" classname="com.skorpious.RestAssuredCore.LoginTest">
    <failure type="java.lang.Error" message="Unresolved compilation problem: 
	Invalid character constant
">
      <![CDATA[java.lang.Error: Unresolved compilation problem: 
Invalid character constant

at com.skorpious.RestAssuredCore.LoginTest.doLogin(LoginTest.java:27)
at java.util.ArrayList.forEach(ArrayList.java:1259)
... Removed 27 stack frames]]>
    </failure>
  </testcase> <!-- doLogin -->
</testsuite> <!-- Test -->
