-------------------------------------------------------------------------------
Test set: com.skorpious.RestAssuredCore.LoginTest
-------------------------------------------------------------------------------
Tests run: 1, Failures: 1, Errors: 0, Skipped: 0, Time elapsed: 0.995 s <<< FAILURE! - in com.skorpious.RestAssuredCore.LoginTest
com.skorpious.RestAssuredCore.LoginTest.doLogin  Time elapsed: 0.577 s  <<< FAILURE!
java.lang.IllegalArgumentException: path cannot be null
	at com.skorpious.RestAssuredCore.LoginTest.doLogin(LoginTest.java:22)

